<?xml version="1.0" encoding="UTF-8"?>
<testsuite name="com.inetpsa.pi201.manageprojects.rest.user.UserResourceIT" time="0.003" tests="1" errors="0" skipped="0" failures="0">
  <properties>
    <property name="java.runtime.name" value="Java(TM) SE Runtime Environment"/>
    <property name="sun.boot.library.path" value="C:\Program Files\Eclipse_DEV\Jdks\jdk1.8\jre\bin"/>
    <property name="java.vm.version" value="25.66-b18"/>
    <property name="java.vm.vendor" value="Oracle Corporation"/>
    <property name="maven.multiModuleProjectDirectory" value="C:\User\ProjetEclipse\wsManageEntity\manageEntity-Web"/>
    <property name="java.vendor.url" value="http://java.oracle.com/"/>
    <property name="path.separator" value=";"/>
    <property name="guice.disable.misplaced.annotation.check" value="true"/>
    <property name="java.vm.name" value="Java HotSpot(TM) 64-Bit Server VM"/>
    <property name="file.encoding.pkg" value="sun.io"/>
    <property name="user.script" value=""/>
    <property name="user.country" value="FR"/>
    <property name="sun.java.launcher" value="SUN_STANDARD"/>
    <property name="sun.os.patch.level" value="Service Pack 1"/>
    <property name="java.vm.specification.name" value="Java Virtual Machine Specification"/>
    <property name="user.dir" value="C:\User\ProjetEclipse\wsManageEntity\manageEntity-Web"/>
    <property name="java.runtime.version" value="1.8.0_66-b18"/>
    <property name="java.awt.graphicsenv" value="sun.awt.Win32GraphicsEnvironment"/>
    <property name="java.endorsed.dirs" value="C:\Program Files\Eclipse_DEV\Jdks\jdk1.8\jre\lib\endorsed"/>
    <property name="os.arch" value="amd64"/>
    <property name="java.io.tmpdir" value="C:\Users\U485560\AppData\Local\Temp\"/>
    <property name="line.separator" value="&#10;"/>
    <property name="java.vm.specification.vendor" value="Oracle Corporation"/>
    <property name="user.variant" value=""/>
    <property name="os.name" value="Windows 7"/>
    <property name="classworlds.conf" value="C:\User\ProjetEclipse\wsManageEntity\.metadata\.plugins\org.eclipse.m2e.launching\launches\m2conf6924237869209853469.tmp"/>
    <property name="sun.jnu.encoding" value="Cp1252"/>
    <property name="java.library.path" value="C:\Program Files\Eclipse_DEV\Jdks\jdk1.8\bin;C:\windows\Sun\Java\bin;C:\windows\system32;C:\windows;C:/Program Files/Eclipse_DEV/Eclipse-4-5-2-JavaXtd/jre/bin/../jre/bin/server;C:/Program Files/Eclipse_DEV/Eclipse-4-5-2-JavaXtd/jre/bin/../jre/bin;C:/Program Files/Eclipse_DEV/Eclipse-4-5-2-JavaXtd/jre/bin/../jre/lib/amd64;C:\Program Files\svn-collabnet-1.8.14\;C:\Program Files (x86)\NVIDIA Corporation\PhysX\Common;C:\windows\system32;C:\windows;C:\windows\System32\Wbem;C:\windows\System32\WindowsPowerShell\v1.0\;C:\windows\SysWOW64;C:\Perl\bin\;C:\Program Files (x86)\Adobe\LiveCycle ES2\Rights Management 9.0 Extensions;C:\Program Files (x86)\DiagAlyser Suite\Shared\;C:\Program Files (x86)\Microsoft Application Virtualization Client;C:\Program Files\MavenCIQ\bin\maven\bin;C:\Program Files\MavenCIQ\bin\maven3\bin;C:\Program Files\7-Zip;C:\Program Files\Eclipse_DEV\Eclipse-4-5-2-JavaXtd;;."/>
    <property name="java.specification.name" value="Java Platform API Specification"/>
    <property name="java.class.version" value="52.0"/>
    <property name="sun.management.compiler" value="HotSpot 64-Bit Tiered Compilers"/>
    <property name="os.version" value="6.1"/>
    <property name="user.home" value="C:\Users\U485560"/>
    <property name="user.timezone" value="Europe/Paris"/>
    <property name="java.awt.printerjob" value="sun.awt.windows.WPrinterJob"/>
    <property name="java.specification.version" value="1.8"/>
    <property name="file.encoding" value="UTF-8"/>
    <property name="user.name" value="U485560"/>
    <property name="java.class.path" value="C:\Program Files\MavenCIQ\bin\maven3\boot\plexus-classworlds-2.5.2.jar"/>
    <property name="java.vm.specification.version" value="1.8"/>
    <property name="sun.arch.data.model" value="64"/>
    <property name="java.home" value="C:\Program Files\Eclipse_DEV\Jdks\jdk1.8\jre"/>
    <property name="sun.java.command" value="org.codehaus.plexus.classworlds.launcher.Launcher -B -s C:\Program Files\MavenCIQ\home\.m2\settings.xml install"/>
    <property name="java.specification.vendor" value="Oracle Corporation"/>
    <property name="user.language" value="fr"/>
    <property name="awt.toolkit" value="sun.awt.windows.WToolkit"/>
    <property name="java.vm.info" value="mixed mode"/>
    <property name="java.version" value="1.8.0_66"/>
    <property name="java.ext.dirs" value="C:\Program Files\Eclipse_DEV\Jdks\jdk1.8\jre\lib\ext;C:\windows\Sun\Java\lib\ext"/>
    <property name="sun.boot.class.path" value="C:\Program Files\Eclipse_DEV\Jdks\jdk1.8\jre\lib\resources.jar;C:\Program Files\Eclipse_DEV\Jdks\jdk1.8\jre\lib\rt.jar;C:\Program Files\Eclipse_DEV\Jdks\jdk1.8\jre\lib\sunrsasign.jar;C:\Program Files\Eclipse_DEV\Jdks\jdk1.8\jre\lib\jsse.jar;C:\Program Files\Eclipse_DEV\Jdks\jdk1.8\jre\lib\jce.jar;C:\Program Files\Eclipse_DEV\Jdks\jdk1.8\jre\lib\charsets.jar;C:\Program Files\Eclipse_DEV\Jdks\jdk1.8\jre\lib\jfr.jar;C:\Program Files\Eclipse_DEV\Jdks\jdk1.8\jre\classes"/>
    <property name="java.vendor" value="Oracle Corporation"/>
    <property name="maven.home" value="C:\Program Files\MavenCIQ\bin\maven3"/>
    <property name="file.separator" value="\"/>
    <property name="java.vendor.url.bug" value="http://bugreport.sun.com/bugreport/"/>
    <property name="sun.cpu.endian" value="little"/>
    <property name="sun.io.unicode.encoding" value="UnicodeLittle"/>
    <property name="sun.desktop" value="windows"/>
    <property name="sun.cpu.isalist" value="amd64"/>
  </properties>
  <testcase name="my_rest_resource_is_working" classname="com.inetpsa.pi201.manageprojects.rest.user.UserResourceIT" time="0.003"/>
</testsuite>